c:\users\acer\source\repos\login form\login form\x64\debug\vc142.pdb
c:\users\acer\source\repos\login form\login form\x64\debug\.netframework,version=v4.8.assemblyattributes.obj
c:\users\acer\source\repos\login form\login form\x64\debug\loginform.obj
c:\users\acer\source\repos\login form\login form\x64\debug\program.obj
c:\users\acer\source\repos\login form\login form\x64\debug\mainform.obj
c:\users\acer\source\repos\login form\login form\x64\debug\sendcode.obj
c:\users\acer\source\repos\login form\login form\x64\debug\reset.obj
c:\users\acer\source\repos\login form\login form\x64\debug\registrationform.obj
c:\users\acer\source\repos\login form\x64\debug\myloginsystem.exe
c:\users\acer\source\repos\login form\x64\debug\myloginsystem.pdb
c:\users\acer\source\repos\login form\login form\x64\debug\loginform.loginform.resources
c:\users\acer\source\repos\login form\login form\x64\debug\loginform.mainform.resources
c:\users\acer\source\repos\login form\login form\x64\debug\loginform.registrationform.resources
c:\users\acer\source\repos\login form\login form\x64\debug\loginform.reset.resources
c:\users\acer\source\repos\login form\login form\x64\debug\loginform.sendcode.resources
c:\users\acer\source\repos\login form\login form\x64\debug\myloginsystem.tlog\cl.command.1.tlog
c:\users\acer\source\repos\login form\login form\x64\debug\myloginsystem.tlog\cl.read.1.tlog
c:\users\acer\source\repos\login form\login form\x64\debug\myloginsystem.tlog\cl.write.1.tlog
c:\users\acer\source\repos\login form\login form\x64\debug\myloginsystem.tlog\link.command.1.tlog
c:\users\acer\source\repos\login form\login form\x64\debug\myloginsystem.tlog\link.read.1.tlog
c:\users\acer\source\repos\login form\login form\x64\debug\myloginsystem.tlog\link.write.1.tlog
c:\users\acer\source\repos\login form\login form\x64\debug\myloginsystem.tlog\metagen.read.1.tlog
c:\users\acer\source\repos\login form\login form\x64\debug\myloginsystem.tlog\metagen.write.1.tlog
c:\users\acer\source\repos\login form\login form\x64\debug\myloginsystem.tlog\myloginsystem.write.1u.tlog
